03/20/2023 11:52:56 AM: INFO: ****************** Test001Login ****************
03/20/2023 11:52:56 AM: INFO: ********** verifying Homepage Title *********** 
03/20/2023 11:52:58 AM: INFO: ****** Homepage Title passed  *************
03/20/2023 11:52:59 AM: INFO: ********* Verifying Test Login ***********
03/20/2023 11:53:07 AM: INFO: ******* Test Login Passed ************
03/20/2023 01:24:30 PM: INFO: ****************** Test001Login ****************
03/20/2023 01:24:30 PM: INFO: ********** verifying Homepage Title *********** 
03/20/2023 01:24:31 PM: INFO: ****** Homepage Title passed  *************
03/20/2023 01:24:33 PM: INFO: ********* Verifying Test Login ***********
03/20/2023 01:24:38 PM: INFO: ******* Test Login Passed ************
03/20/2023 01:25:25 PM: INFO: ****************** Test001Login ****************
03/20/2023 01:25:25 PM: INFO: ********** verifying Homepage Title *********** 
03/20/2023 01:32:06 PM: INFO: ****************** Test001Login ****************
03/20/2023 01:32:06 PM: INFO: ********** verifying Homepage Title *********** 
03/20/2023 01:32:46 PM: INFO: ****************** Test001Login ****************
03/20/2023 01:32:46 PM: INFO: ********** verifying Homepage Title *********** 
03/20/2023 01:38:00 PM: INFO: ****************** Test001Login ****************
03/20/2023 01:38:00 PM: INFO: ********** verifying Homepage Title *********** 
03/20/2023 01:38:02 PM: INFO: ****** Homepage Title passed  *************
03/20/2023 01:38:03 PM: INFO: ********* Verifying Test Login ***********
03/20/2023 01:38:09 PM: INFO: ******* Test Login Passed ************
03/20/2023 01:39:48 PM: INFO: ****************** Test001Login ****************
03/20/2023 01:39:48 PM: INFO: ********** verifying Homepage Title *********** 
03/20/2023 01:39:51 PM: INFO: ****** Homepage Title passed  *************
03/20/2023 01:39:52 PM: INFO: ********* Verifying Test Login ***********
03/20/2023 01:39:58 PM: INFO: ******* Test Login Passed ************
03/20/2023 01:42:34 PM: INFO: ****************** Test001Login ****************
03/20/2023 01:42:34 PM: INFO: ********** verifying Homepage Title *********** 
03/20/2023 01:42:35 PM: INFO: ****** Homepage Title passed  *************
03/20/2023 01:42:39 PM: INFO: ********* Verifying Test Login ***********
03/20/2023 01:42:44 PM: INFO: ******* Test Login Passed ************
03/20/2023 01:45:46 PM: INFO: ****************** Test001Login ****************
03/20/2023 01:45:46 PM: INFO: ********** verifying Homepage Title *********** 
03/20/2023 03:21:14 PM: INFO: ****************** Test001Login ****************
03/20/2023 03:21:14 PM: INFO: ********** verifying Homepage Title *********** 
03/20/2023 03:21:16 PM: INFO: ****** Homepage Title passed  *************
03/20/2023 03:21:17 PM: INFO: ********* Verifying Test Login ***********
03/20/2023 03:21:24 PM: INFO: ******* Test Login Passed ************
03/20/2023 03:22:00 PM: INFO: ********* Verifying Test Login ***********
****
03/20/2023 03:22:00 PM: INFO: ********** verifying Homepage Title *********** 
03/20/2023 03:22:01 PM: INFO: ****** Homepage Title passed  *************
03/20/2023 03:22:07 PM: INFO: ******* Test Login Passed ************
03/20/2023 06:46:43 PM: INFO: ****************** Test001Login ****************
03/20/2023 06:46:43 PM: INFO: ********** verifying Homepage Title *********** 
03/20/2023 06:46:46 PM: INFO: ****** Homepage Title passed  *************
03/20/2023 06:46:47 PM: INFO: ********* Verifying Test Login ***********
03/20/2023 06:46:54 PM: INFO: ******* Test Login Passed ************
03/20/2023 06:49:29 PM: INFO: ********* Verifying Test Login ***********
03/20/2023 06:49:29 PM: INFO: ****************** Test001Login ****************
03/20/2023 06:49:29 PM: INFO: ********** verifying Homepage Title *********** 
03/20/2023 06:49:29 PM: INFO: ****** Homepage Title passed  *************
03/20/2023 06:49:37 PM: INFO: ******* Test Login Passed ************
03/20/2023 07:11:49 PM: INFO: ****************** Test002_DDT_Login ****************
03/20/2023 07:11:49 PM: INFO: ********* Verifying Test Login ***********
03/20/2023 07:12:32 PM: INFO: ****************** Test002_DDT_Login ****************
03/20/2023 07:12:32 PM: INFO: ********* Verifying Test Login ***********
03/20/2023 07:12:43 PM: INFO: ***** Test Pass *****
03/20/2023 07:13:13 PM: INFO: ****************** Test002_DDT_Login ****************
03/20/2023 07:13:13 PM: INFO: ********* Verifying Test Login ***********
03/20/2023 07:13:31 PM: INFO: ***** Test Pass *****
03/20/2023 07:14:12 PM: INFO: ****************** Test002_DDT_Login ****************
03/20/2023 07:14:12 PM: INFO: ********* Verifying Test Login ***********
03/20/2023 07:14:17 PM: INFO: ***** Test Pass *****
03/20/2023 07:21:33 PM: INFO: ****************** Test002_DDT_Login ****************
03/20/2023 07:21:33 PM: INFO: ********* Verifying Test Login ***********
03/20/2023 07:21:37 PM: INFO: ***** Test Pass *****
03/20/2023 07:23:41 PM: INFO: ****************** Test002_DDT_Login ****************
03/20/2023 07:23:41 PM: INFO: ********* Verifying Test Login ***********
03/20/2023 07:23:46 PM: INFO: ***** Test Pass *****
03/20/2023 07:24:30 PM: INFO: ****************** Test001Login ****************
03/20/2023 07:24:30 PM: INFO: ********** verifying Homepage Title *********** 
03/20/2023 07:24:33 PM: INFO: ****** Homepage Title passed  *************
03/20/2023 07:24:34 PM: INFO: ********* Verifying Test Login ***********
03/20/2023 07:25:42 PM: INFO: ****************** Test002_DDT_Login ****************
03/20/2023 07:25:42 PM: INFO: ********* Verifying Test Login ***********
03/20/2023 07:25:52 PM: INFO: ***** Test Pass *****
03/20/2023 07:26:06 PM: INFO: ****** Test passed *****
03/20/2023 07:26:13 PM: INFO: ****** Test passed *****
03/20/2023 07:26:20 PM: INFO: ****** Test passed *****
03/20/2023 07:26:20 PM: INFO: ***** Login Test ddt passed ******
03/20/2023 07:26:20 PM: INFO: ****************** Verified Test002_DDT_Login ****************
03/20/2023 07:26:20 PM: INFO: ****************** Completed Test002_DDT_Login ****************
03/21/2023 02:42:44 PM: INFO: ****************** Test003 Add Customer  ****************
03/21/2023 02:42:44 PM: INFO: ********** verifying Add Customer *********** 
03/21/2023 02:43:36 PM: INFO: ****************** Test003 Add Customer  ****************
03/21/2023 02:43:36 PM: INFO: ********** verifying Add Customer *********** 
03/21/2023 03:05:42 PM: INFO: ****************** Test003 Add Customer  ****************
03/21/2023 03:05:42 PM: INFO: ********** verifying Add Customer *********** 
03/21/2023 03:07:04 PM: INFO: ****************** Test003 Add Customer  ****************
03/21/2023 03:07:04 PM: INFO: ********** verifying Add Customer *********** 
03/21/2023 03:18:49 PM: INFO: ****************** Test003 Add Customer  ****************
03/21/2023 03:18:49 PM: INFO: ********** verifying Add Customer *********** 
03/21/2023 03:19:58 PM: INFO: ****************** Test003 Add Customer  ****************
03/21/2023 03:19:58 PM: INFO: ********** verifying Add Customer *********** 
03/21/2023 03:23:27 PM: INFO: ****************** Test003 Add Customer  ****************
03/21/2023 03:23:27 PM: INFO: ********** verifying Add Customer *********** 
03/21/2023 03:24:11 PM: INFO: ****************** Test003 Add Customer  ****************
03/21/2023 03:24:11 PM: INFO: ********** verifying Add Customer *********** 
03/21/2023 03:24:39 PM: INFO: ****************** Test003 Add Customer  ****************
03/21/2023 03:24:39 PM: INFO: ********** verifying Add Customer *********** 
03/21/2023 03:25:01 PM: INFO: ****************** Test003 Add Customer  ****************
03/21/2023 03:25:01 PM: INFO: ********** verifying Add Customer *********** 
03/21/2023 03:25:46 PM: INFO: ****************** Test003 Add Customer  ****************
03/21/2023 03:25:46 PM: INFO: ********** verifying Add Customer *********** 
03/21/2023 03:26:24 PM: INFO: ****************** Test003 Add Customer  ****************
03/21/2023 03:26:24 PM: INFO: ********** verifying Add Customer *********** 
03/21/2023 03:26:55 PM: INFO: ****************** Test003 Add Customer  ****************
03/21/2023 03:26:55 PM: INFO: ********** verifying Add Customer *********** 
03/21/2023 03:27:21 PM: INFO: ****************** Test003 Add Customer  ****************
03/21/2023 03:27:21 PM: INFO: ********** verifying Add Customer *********** 
03/21/2023 03:29:29 PM: INFO: ****************** Test003 Add Customer  ****************
03/21/2023 03:29:29 PM: INFO: ********** verifying Add Customer *********** 
03/21/2023 03:30:03 PM: INFO: ****************** Test003 Add Customer  ****************
03/21/2023 03:30:03 PM: INFO: ********** verifying Add Customer *********** 
03/21/2023 03:31:20 PM: INFO: ****************** Test003 Add Customer  ****************
03/21/2023 03:31:20 PM: INFO: ********** verifying Add Customer *********** 
03/21/2023 03:32:41 PM: INFO: ****************** Test003 Add Customer  ****************
03/21/2023 03:32:41 PM: INFO: ********** verifying Add Customer *********** 
03/21/2023 03:36:52 PM: INFO: ****************** Test003 Add Customer  ****************
03/21/2023 03:36:52 PM: INFO: ********** verifying Add Customer *********** 
03/21/2023 03:44:09 PM: INFO: ****************** Test003 Add Customer  ****************
03/21/2023 03:44:09 PM: INFO: ********** verifying Add Customer *********** 
03/21/2023 03:45:11 PM: INFO: ****************** Test003 Add Customer  ****************
03/21/2023 03:45:11 PM: INFO: ********** verifying Add Customer *********** 
03/21/2023 03:46:02 PM: INFO: ****************** Test003 Add Customer  ****************
03/21/2023 03:46:02 PM: INFO: ********** verifying Add Customer *********** 
03/21/2023 03:47:02 PM: INFO: ****************** Test003 Add Customer  ****************
03/21/2023 03:47:02 PM: INFO: ********** verifying Add Customer *********** 
03/21/2023 03:49:18 PM: INFO: ****************** Test003 Add Customer  ****************
03/21/2023 03:49:18 PM: INFO: ********** verifying Add Customer *********** 
03/21/2023 03:51:46 PM: INFO: ****************** Test003 Add Customer  ****************
03/21/2023 03:51:46 PM: INFO: ********** verifying Add Customer *********** 
03/21/2023 03:54:05 PM: INFO: ****************** Test003 Add Customer  ****************
03/21/2023 03:54:05 PM: INFO: ********** verifying Add Customer *********** 
03/21/2023 03:54:47 PM: INFO: ****************** Test003 Add Customer  ****************
03/21/2023 03:54:47 PM: INFO: ********** verifying Add Customer *********** 
03/21/2023 03:55:14 PM: INFO: ****************** Test003 Add Customer  ****************
03/21/2023 03:55:14 PM: INFO: ********** verifying Add Customer *********** 
03/21/2023 03:56:17 PM: INFO: ****************** Test003 Add Customer  ****************
03/21/2023 03:56:17 PM: INFO: ********** verifying Add Customer *********** 
03/21/2023 03:56:41 PM: INFO: ****************** Test003 Add Customer  ****************
03/21/2023 03:56:41 PM: INFO: ********** verifying Add Customer *********** 
03/21/2023 03:57:06 PM: INFO: ****************** Test003 Add Customer  ****************
03/21/2023 03:57:06 PM: INFO: ********** verifying Add Customer *********** 
03/21/2023 03:57:51 PM: INFO: ****************** Test003 Add Customer  ****************
03/21/2023 03:57:51 PM: INFO: ********** verifying Add Customer *********** 
03/21/2023 03:58:31 PM: INFO: ****************** Test003 Add Customer  ****************
03/21/2023 03:58:31 PM: INFO: ********** verifying Add Customer *********** 
03/21/2023 03:58:51 PM: INFO: ****************** Test003 Add Customer  ****************
03/21/2023 03:58:51 PM: INFO: ********** verifying Add Customer *********** 
03/21/2023 03:59:17 PM: INFO: ****************** Test003 Add Customer  ****************
03/21/2023 03:59:17 PM: INFO: ********** verifying Add Customer *********** 
03/21/2023 04:00:02 PM: INFO: ****************** Test003 Add Customer  ****************
03/21/2023 04:00:02 PM: INFO: ********** verifying Add Customer *********** 
03/21/2023 04:01:25 PM: INFO: ****************** Test003 Add Customer  ****************
03/21/2023 04:01:25 PM: INFO: ********** verifying Add Customer *********** 
03/21/2023 04:02:43 PM: INFO: ****************** Test003 Add Customer  ****************
03/21/2023 04:02:43 PM: INFO: ********** verifying Add Customer *********** 
03/21/2023 04:03:25 PM: INFO: ****************** Test003 Add Customer  ****************
03/21/2023 04:03:25 PM: INFO: ********** verifying Add Customer *********** 
03/21/2023 04:05:16 PM: INFO: ****************** Test003 Add Customer  ****************
03/21/2023 04:05:16 PM: INFO: ********** verifying Add Customer *********** 
03/21/2023 04:05:47 PM: INFO: ****************** Test003 Add Customer  ****************
03/21/2023 04:05:47 PM: INFO: ********** verifying Add Customer *********** 
03/21/2023 04:06:30 PM: INFO: ****************** Test003 Add Customer  ****************
03/21/2023 04:06:30 PM: INFO: ********** verifying Add Customer *********** 
03/21/2023 04:06:56 PM: INFO: ****************** Test003 Add Customer  ****************
03/21/2023 04:06:56 PM: INFO: ********** verifying Add Customer *********** 
03/21/2023 04:09:16 PM: INFO: ****************** Test003 Add Customer  ****************
03/21/2023 04:09:16 PM: INFO: ********** verifying Add Customer *********** 
03/22/2023 06:17:34 PM: INFO: ****************** Test002_DDT_Login ****************
03/22/2023 06:17:34 PM: INFO: ********* Verifying Test Login ***********
03/22/2023 06:17:43 PM: INFO: ***** Test Pass *****
03/22/2023 06:17:55 PM: INFO: ****** Test passed *****
03/22/2023 06:18:00 PM: INFO: ****** Test passed *****
03/22/2023 06:18:06 PM: INFO: ****** Test passed *****
03/22/2023 06:18:06 PM: INFO: ***** Login Test ddt passed ******
03/22/2023 06:18:06 PM: INFO: ****************** Verified Test_002_DDT_Login ****************
03/22/2023 06:18:06 PM: INFO: ****************  Completed Test_002_DDT_Login  ***************
